This is pdfTeX, Version 3.14159265-2.6-1.40.16 (TeX Live 2015/Debian) (preloaded format=pdflatex 2016.9.21)  5 JUN 2017 20:28
entering extended mode
 restricted \write18 enabled.
 %&-line parsing enabled.
**/home/data/inputs/nanook/main/latex_last_passonly/main.tex
(/home/data/inputs/nanook/main/latex_last_passonly/main.tex
LaTeX2e <2016/02/01>
Babel <3.9q> and hyphenation patterns for 3 language(s) loaded.
(/usr/share/texlive/texmf-dist/tex/latex/base/article.cls
Document Class: article 2014/09/29 v1.4h Standard LaTeX document class
(/usr/share/texlive/texmf-dist/tex/latex/base/size11.clo
File: size11.clo 2014/09/29 v1.4h Standard LaTeX file (size option)
)
\c@part=\count79
\c@section=\count80
\c@subsection=\count81
\c@subsubsection=\count82
\c@paragraph=\count83
\c@subparagraph=\count84
\c@figure=\count85
\c@table=\count86
\abovecaptionskip=\skip41
\belowcaptionskip=\skip42
\bibindent=\dimen102
)
(/usr/share/texlive/texmf-dist/tex/latex/graphics/graphicx.sty
Package: graphicx 2014/10/28 v1.0g Enhanced LaTeX Graphics (DPC,SPQR)

(/usr/share/texlive/texmf-dist/tex/latex/graphics/keyval.sty
Package: keyval 2014/10/28 v1.15 key=value parser (DPC)
\KV@toks@=\toks14
)
(/usr/share/texlive/texmf-dist/tex/latex/graphics/graphics.sty
Package: graphics 2016/01/03 v1.0q Standard LaTeX Graphics (DPC,SPQR)

(/usr/share/texlive/texmf-dist/tex/latex/graphics/trig.sty
Package: trig 2016/01/03 v1.10 sin cos tan (DPC)
)
(/usr/share/texlive/texmf-dist/tex/latex/latexconfig/graphics.cfg
File: graphics.cfg 2010/04/23 v1.9 graphics configuration of TeX Live
)
Package graphics Info: Driver file: pdftex.def on input line 95.

(/usr/share/texlive/texmf-dist/tex/latex/pdftex-def/pdftex.def
File: pdftex.def 2011/05/27 v0.06d Graphics/color for pdfTeX

(/usr/share/texlive/texmf-dist/tex/generic/oberdiek/infwarerr.sty
Package: infwarerr 2010/04/08 v1.3 Providing info/warning/error messages (HO)
)
(/usr/share/texlive/texmf-dist/tex/generic/oberdiek/ltxcmds.sty
Package: ltxcmds 2011/11/09 v1.22 LaTeX kernel commands for general use (HO)
)
\Gread@gobject=\count87
))
\Gin@req@height=\dimen103
\Gin@req@width=\dimen104
)
(/usr/share/texlive/texmf-dist/tex/latex/url/url.sty
\Urlmuskip=\muskip10
Package: url 2013/09/16  ver 3.4  Verb mode for urls, etc.
)
(/usr/share/texlive/texmf-dist/tex/latex/multirow/multirow.sty
\bigstrutjot=\dimen105
)
(/usr/share/texlive/texmf-dist/tex/latex/rotating/rotating.sty
Package: rotating 2009/03/28 v2.16a rotated objects in LaTeX

(/usr/share/texlive/texmf-dist/tex/latex/base/ifthen.sty
Package: ifthen 2014/09/29 v1.1c Standard LaTeX ifthen package (DPC)
)
\c@r@tfl@t=\count88
\rotFPtop=\skip43
\rotFPbot=\skip44
\rot@float@box=\box26
\rot@mess@toks=\toks15
)
(/usr/share/texlive/texmf-dist/tex/latex/graphics/color.sty
Package: color 2016/01/03 v1.1b Standard LaTeX Color (DPC)

(/usr/share/texlive/texmf-dist/tex/latex/latexconfig/color.cfg
File: color.cfg 2007/01/18 v1.5 color configuration of teTeX/TeXLive
)
Package color Info: Driver file: pdftex.def on input line 143.
)
(/usr/share/texlive/texmf-dist/tex/latex/titlesec/titlesec.sty
Package: titlesec 2016/03/15 v2.10.1 Sectioning titles
\ttl@box=\box27
\beforetitleunit=\skip45
\aftertitleunit=\skip46
\ttl@plus=\dimen106
\ttl@minus=\dimen107
\ttl@toksa=\toks16
\titlewidth=\dimen108
\titlewidthlast=\dimen109
\titlewidthfirst=\dimen110
)
(/usr/share/texlive/texmf-dist/tex/latex/geometry/geometry.sty
Package: geometry 2010/09/12 v5.6 Page Geometry

(/usr/share/texlive/texmf-dist/tex/generic/oberdiek/ifpdf.sty
Package: ifpdf 2011/01/30 v2.3 Provides the ifpdf switch (HO)
Package ifpdf Info: pdfTeX in PDF mode is detected.
)
(/usr/share/texlive/texmf-dist/tex/generic/oberdiek/ifvtex.sty
Package: ifvtex 2010/03/01 v1.5 Detect VTeX and its facilities (HO)
Package ifvtex Info: VTeX not detected.
)
(/usr/share/texlive/texmf-dist/tex/generic/ifxetex/ifxetex.sty
Package: ifxetex 2010/09/12 v0.6 Provides ifxetex conditional
)
\Gm@cnth=\count89
\Gm@cntv=\count90
\c@Gm@tempcnt=\count91
\Gm@bindingoffset=\dimen111
\Gm@wd@mp=\dimen112
\Gm@odd@mp=\dimen113
\Gm@even@mp=\dimen114
\Gm@layoutwidth=\dimen115
\Gm@layoutheight=\dimen116
\Gm@layouthoffset=\dimen117
\Gm@layoutvoffset=\dimen118
\Gm@dimlist=\toks17
)
(/usr/share/texlive/texmf-dist/tex/latex/float/float.sty
Package: float 2001/11/08 v1.3d Float enhancements (AL)
\c@float@type=\count92
\float@exts=\toks18
\float@box=\box28
\@float@everytoks=\toks19
\@floatcapt=\box29
)
\@float@every@table=\toks20

No file main.aux.
\openout1 = `main.aux'.

LaTeX Font Info:    Checking defaults for OML/cmm/m/it on input line 11.
LaTeX Font Info:    ... okay on input line 11.
LaTeX Font Info:    Checking defaults for T1/cmr/m/n on input line 11.
LaTeX Font Info:    ... okay on input line 11.
LaTeX Font Info:    Checking defaults for OT1/cmr/m/n on input line 11.
LaTeX Font Info:    ... okay on input line 11.
LaTeX Font Info:    Checking defaults for OMS/cmsy/m/n on input line 11.
LaTeX Font Info:    ... okay on input line 11.
LaTeX Font Info:    Checking defaults for OMX/cmex/m/n on input line 11.
LaTeX Font Info:    ... okay on input line 11.
LaTeX Font Info:    Checking defaults for U/cmr/m/n on input line 11.
LaTeX Font Info:    ... okay on input line 11.
(/usr/share/texlive/texmf-dist/tex/context/base/supp-pdf.mkii
[Loading MPS to PDF converter (version 2006.09.02).]
\scratchcounter=\count93
\scratchdimen=\dimen119
\scratchbox=\box30
\nofMPsegments=\count94
\nofMParguments=\count95
\everyMPshowfont=\toks21
\MPscratchCnt=\count96
\MPscratchDim=\dimen120
\MPnumerator=\count97
\makeMPintoPDFobject=\count98
\everyMPtoPDFconversion=\toks22
) (/usr/share/texlive/texmf-dist/tex/generic/oberdiek/pdftexcmds.sty
Package: pdftexcmds 2011/11/29 v0.20 Utility functions of pdfTeX for LuaTeX (HO
)

(/usr/share/texlive/texmf-dist/tex/generic/oberdiek/ifluatex.sty
Package: ifluatex 2010/03/01 v1.3 Provides the ifluatex switch (HO)
Package ifluatex Info: LuaTeX not detected.
)
Package pdftexcmds Info: LuaTeX not detected.
Package pdftexcmds Info: \pdf@primitive is available.
Package pdftexcmds Info: \pdf@ifprimitive is available.
Package pdftexcmds Info: \pdfdraftmode found.
)
(/usr/share/texlive/texmf-dist/tex/latex/oberdiek/epstopdf-base.sty
Package: epstopdf-base 2010/02/09 v2.5 Base part for package epstopdf

(/usr/share/texlive/texmf-dist/tex/latex/oberdiek/grfext.sty
Package: grfext 2010/08/19 v1.1 Manage graphics extensions (HO)

(/usr/share/texlive/texmf-dist/tex/generic/oberdiek/kvdefinekeys.sty
Package: kvdefinekeys 2011/04/07 v1.3 Define keys (HO)
))
(/usr/share/texlive/texmf-dist/tex/latex/oberdiek/kvoptions.sty
Package: kvoptions 2011/06/30 v3.11 Key value format for package options (HO)

(/usr/share/texlive/texmf-dist/tex/generic/oberdiek/kvsetkeys.sty
Package: kvsetkeys 2012/04/25 v1.16 Key value parser (HO)

(/usr/share/texlive/texmf-dist/tex/generic/oberdiek/etexcmds.sty
Package: etexcmds 2011/02/16 v1.5 Avoid name clashes with e-TeX commands (HO)
Package etexcmds Info: Could not find \expanded.
(etexcmds)             That can mean that you are not using pdfTeX 1.50 or
(etexcmds)             that some package has redefined \expanded.
(etexcmds)             In the latter case, load this package earlier.
)))
Package grfext Info: Graphics extension search list:
(grfext)             [.png,.pdf,.jpg,.mps,.jpeg,.jbig2,.jb2,.PNG,.PDF,.JPG,.JPE
G,.JBIG2,.JB2,.eps]
(grfext)             \AppendGraphicsExtensions on input line 452.

(/usr/share/texlive/texmf-dist/tex/latex/latexconfig/epstopdf-sys.cfg
File: epstopdf-sys.cfg 2010/07/13 v1.3 Configuration of (r)epstopdf for TeX Liv
e
))
*geometry* driver: auto-detecting
*geometry* detected driver: pdftex
*geometry* verbose mode - [ preamble ] result:
* driver: pdftex
* paper: a4paper
* layout: <same size as paper>
* layoutoffset:(h,v)=(0.0pt,0.0pt)
* modes: 
* h-part:(L,W,R)=(28.45274pt, 540.60239pt, 28.45274pt)
* v-part:(T,H,B)=(28.45274pt, 759.6886pt, 56.9055pt)
* \paperwidth=597.50787pt
* \paperheight=845.04684pt
* \textwidth=540.60239pt
* \textheight=759.6886pt
* \oddsidemargin=-43.81725pt
* \evensidemargin=-43.81725pt
* \topmargin=-80.81725pt
* \headheight=12.0pt
* \headsep=25.0pt
* \topskip=11.0pt
* \footskip=30.0pt
* \marginparwidth=50.0pt
* \marginparsep=10.0pt
* \columnsep=10.0pt
* \skip\footins=10.0pt plus 4.0pt minus 2.0pt
* \hoffset=0.0pt
* \voffset=0.0pt
* \mag=1000
* \@twocolumnfalse
* \@twosidefalse
* \@mparswitchfalse
* \@reversemarginfalse
* (1in=72.27pt=25.4mm, 1cm=28.453pt)

LaTeX Font Info:    External font `cmex10' loaded for size
(Font)              <9> on input line 20.
LaTeX Font Info:    External font `cmex10' loaded for size
(Font)              <6> on input line 20.
LaTeX Font Info:    External font `cmex10' loaded for size
(Font)              <5> on input line 20.

</home/data/inputs/nanook/main/graphs_last_passonly/all_Template_lengths.pdf, i
d=1, 433.62pt x 289.08pt>
File: /home/data/inputs/nanook/main/graphs_last_passonly/all_Template_lengths.p
df Graphic file (type pdf)

<use /home/data/inputs/nanook/main/graphs_last_passonly/all_Template_lengths.pd
f>
Package pdftex.def Info: /home/data/inputs/nanook/main/graphs_last_passonly/all
_Template_lengths.pdf used on input line 44.
(pdftex.def)             Requested size: 162.18236pt x 108.12242pt.

</home/data/inputs/nanook/main/graphs_last_passonly/all_Complement_lengths.pdf,
 id=2, 433.62pt x 289.08pt>
File: /home/data/inputs/nanook/main/graphs_last_passonly/all_Complement_lengths
.pdf Graphic file (type pdf)

<use /home/data/inputs/nanook/main/graphs_last_passonly/all_Complement_lengths.
pdf>
Package pdftex.def Info: /home/data/inputs/nanook/main/graphs_last_passonly/all
_Complement_lengths.pdf used on input line 45.
(pdftex.def)             Requested size: 162.18236pt x 108.12242pt.

</home/data/inputs/nanook/main/graphs_last_passonly/all_2D_lengths.pdf, id=3, 4
33.62pt x 289.08pt>
File: /home/data/inputs/nanook/main/graphs_last_passonly/all_2D_lengths.pdf Gra
phic file (type pdf)

<use /home/data/inputs/nanook/main/graphs_last_passonly/all_2D_lengths.pdf>
Package pdftex.def Info: /home/data/inputs/nanook/main/graphs_last_passonly/all
_2D_lengths.pdf used on input line 46.
(pdftex.def)             Requested size: 162.18236pt x 108.12242pt.

[1

{/var/lib/texmf/fonts/map/pdftex/updmap/pdftex.map} </home/data/inputs/nanook/m
ain/graphs_last_passonly/all_Template_lengths.pdf> </home/data/inputs/nanook/ma
in/graphs_last_passonly/all_Complement_lengths.pdf> </home/data/inputs/nanook/m
ain/graphs_last_passonly/all_2D_lengths.pdf>]
</home/data/inputs/nanook/main/graphs_last_passonly/NC_005139/NC_005139_2D_inse
rtions.pdf, id=27, 433.62pt x 289.08pt>
File: /home/data/inputs/nanook/main/graphs_last_passonly/NC_005139/NC_005139_2D
_insertions.pdf Graphic file (type pdf)

<use /home/data/inputs/nanook/main/graphs_last_passonly/NC_005139/NC_005139_2D_
insertions.pdf>
Package pdftex.def Info: /home/data/inputs/nanook/main/graphs_last_passonly/NC_
005139/NC_005139_2D_insertions.pdf used on input line 145.
(pdftex.def)             Requested size: 149.3741pt x 99.58464pt.

</home/data/inputs/nanook/main/graphs_last_passonly/NC_005139/NC_005139_2D_dele
tions.pdf, id=28, 433.62pt x 289.08pt>
File: /home/data/inputs/nanook/main/graphs_last_passonly/NC_005139/NC_005139_2D
_deletions.pdf Graphic file (type pdf)

<use /home/data/inputs/nanook/main/graphs_last_passonly/NC_005139/NC_005139_2D_
deletions.pdf>
Package pdftex.def Info: /home/data/inputs/nanook/main/graphs_last_passonly/NC_
005139/NC_005139_2D_deletions.pdf used on input line 146.
(pdftex.def)             Requested size: 149.3741pt x 99.58464pt.

</home/data/inputs/nanook/main/graphs_last_passonly/NC_005139/NC_005139_2D_leng
th_vs_identity_hist.pdf, id=29, 433.62pt x 289.08pt>
File: /home/data/inputs/nanook/main/graphs_last_passonly/NC_005139/NC_005139_2D
_length_vs_identity_hist.pdf Graphic file (type pdf)

<use /home/data/inputs/nanook/main/graphs_last_passonly/NC_005139/NC_005139_2D_
length_vs_identity_hist.pdf>
Package pdftex.def Info: /home/data/inputs/nanook/main/graphs_last_passonly/NC_
005139/NC_005139_2D_length_vs_identity_hist.pdf used on input line 152.
(pdftex.def)             Requested size: 149.3741pt x 99.58464pt.

</home/data/inputs/nanook/main/graphs_last_passonly/NC_005139/NC_005139_2D_leng
th_vs_identity_scatter.pdf, id=30, 433.62pt x 289.08pt>
File: /home/data/inputs/nanook/main/graphs_last_passonly/NC_005139/NC_005139_2D
_length_vs_identity_scatter.pdf Graphic file (type pdf)

<use /home/data/inputs/nanook/main/graphs_last_passonly/NC_005139/NC_005139_2D_
length_vs_identity_scatter.pdf>
Package pdftex.def Info: /home/data/inputs/nanook/main/graphs_last_passonly/NC_
005139/NC_005139_2D_length_vs_identity_scatter.pdf used on input line 153.
(pdftex.def)             Requested size: 149.3741pt x 99.58464pt.

</home/data/inputs/nanook/main/graphs_last_passonly/NC_005139/NC_005139_2D_read
_fraction_vs_alignment_identity_scatter.pdf, id=31, 433.62pt x 289.08pt>
File: /home/data/inputs/nanook/main/graphs_last_passonly/NC_005139/NC_005139_2D
_read_fraction_vs_alignment_identity_scatter.pdf Graphic file (type pdf)

<use /home/data/inputs/nanook/main/graphs_last_passonly/NC_005139/NC_005139_2D_
read_fraction_vs_alignment_identity_scatter.pdf>
Package pdftex.def Info: /home/data/inputs/nanook/main/graphs_last_passonly/NC_
005139/NC_005139_2D_read_fraction_vs_alignment_identity_scatter.pdf used on inp
ut line 154.
(pdftex.def)             Requested size: 149.3741pt x 99.58464pt.

</home/data/inputs/nanook/main/graphs_last_passonly/NC_005139/NC_005139_2D_cumu
lative_perfect_kmers.pdf, id=32, 433.62pt x 289.08pt>
File: /home/data/inputs/nanook/main/graphs_last_passonly/NC_005139/NC_005139_2D
_cumulative_perfect_kmers.pdf Graphic file (type pdf)

<use /home/data/inputs/nanook/main/graphs_last_passonly/NC_005139/NC_005139_2D_
cumulative_perfect_kmers.pdf>
Package pdftex.def Info: /home/data/inputs/nanook/main/graphs_last_passonly/NC_
005139/NC_005139_2D_cumulative_perfect_kmers.pdf used on input line 163.
(pdftex.def)             Requested size: 149.3741pt x 99.58464pt.

</home/data/inputs/nanook/main/graphs_last_passonly/NC_005139/NC_005139_2D_long
est_perfect_vs_length_scatter.pdf, id=33, 433.62pt x 289.08pt>
File: /home/data/inputs/nanook/main/graphs_last_passonly/NC_005139/NC_005139_2D
_longest_perfect_vs_length_scatter.pdf Graphic file (type pdf)

<use /home/data/inputs/nanook/main/graphs_last_passonly/NC_005139/NC_005139_2D_
longest_perfect_vs_length_scatter.pdf>
Package pdftex.def Info: /home/data/inputs/nanook/main/graphs_last_passonly/NC_
005139/NC_005139_2D_longest_perfect_vs_length_scatter.pdf used on input line 16
4.
(pdftex.def)             Requested size: 149.3741pt x 99.58464pt.
 [2

 </home/data/inputs/nanook/main/graphs_last_passonly/NC_005139/NC_005139_2D_ins
ertions.pdf> </home/data/inputs/nanook/main/graphs_last_passonly/NC_005139/NC_0
05139_2D_deletions.pdf> </home/data/inputs/nanook/main/graphs_last_passonly/NC_
005139/NC_005139_2D_length_vs_identity_hist.pdf> </home/data/inputs/nanook/main
/graphs_last_passonly/NC_005139/NC_005139_2D_length_vs_identity_scatter.pdf> </
home/data/inputs/nanook/main/graphs_last_passonly/NC_005139/NC_005139_2D_read_f
raction_vs_alignment_identity_scatter.pdf>]
</home/data/inputs/nanook/main/graphs_last_passonly/NC_005139/NC_005139_2D_cove
rage.pdf, id=68, 1156.32pt x 289.08pt>
File: /home/data/inputs/nanook/main/graphs_last_passonly/NC_005139/NC_005139_2D
_coverage.pdf Graphic file (type pdf)

<use /home/data/inputs/nanook/main/graphs_last_passonly/NC_005139/NC_005139_2D_
coverage.pdf>
Package pdftex.def Info: /home/data/inputs/nanook/main/graphs_last_passonly/NC_
005139/NC_005139_2D_coverage.pdf used on input line 170.
(pdftex.def)             Requested size: 227.60759pt x 56.9055pt.

</home/data/inputs/nanook/main/graphs_last_passonly/NC_005139/NC_005139_gc.pdf,
 id=69, 1156.32pt x 289.08pt>
File: /home/data/inputs/nanook/main/graphs_last_passonly/NC_005139/NC_005139_gc
.pdf Graphic file (type pdf)

<use /home/data/inputs/nanook/main/graphs_last_passonly/NC_005139/NC_005139_gc.
pdf>
Package pdftex.def Info: /home/data/inputs/nanook/main/graphs_last_passonly/NC_
005139/NC_005139_gc.pdf used on input line 171.
(pdftex.def)             Requested size: 227.60759pt x 56.9055pt.
LaTeX Font Info:    External font `cmex10' loaded for size
(Font)              <7> on input line 179.

</home/data/inputs/nanook/main/graphs_last_passonly/NC_005139/NC_005139_2D_GC_h
ist.pdf, id=70, 433.62pt x 289.08pt>
File: /home/data/inputs/nanook/main/graphs_last_passonly/NC_005139/NC_005139_2D
_GC_hist.pdf Graphic file (type pdf)

<use /home/data/inputs/nanook/main/graphs_last_passonly/NC_005139/NC_005139_2D_
GC_hist.pdf>
Package pdftex.def Info: /home/data/inputs/nanook/main/graphs_last_passonly/NC_
005139/NC_005139_2D_GC_hist.pdf used on input line 228.
(pdftex.def)             Requested size: 149.3741pt x 99.58464pt.
 [3 </home/data/inputs/nanook/main/graphs_last_passonly/NC_005139/NC_005139_2D_
cumulative_perfect_kmers.pdf> </home/data/inputs/nanook/main/graphs_last_passon
ly/NC_005139/NC_005139_2D_longest_perfect_vs_length_scatter.pdf> </home/data/in
puts/nanook/main/graphs_last_passonly/NC_005139/NC_005139_2D_coverage.pdf> </ho
me/data/inputs/nanook/main/graphs_last_passonly/NC_005139/NC_005139_gc.pdf> </h
ome/data/inputs/nanook/main/graphs_last_passonly/NC_005139/NC_005139_2D_GC_hist
.pdf>]
</home/data/inputs/nanook/main/graphs_last_passonly/NC_005140/NC_005140_2D_inse
rtions.pdf, id=103, 433.62pt x 289.08pt>
File: /home/data/inputs/nanook/main/graphs_last_passonly/NC_005140/NC_005140_2D
_insertions.pdf Graphic file (type pdf)

<use /home/data/inputs/nanook/main/graphs_last_passonly/NC_005140/NC_005140_2D_
insertions.pdf>
Package pdftex.def Info: /home/data/inputs/nanook/main/graphs_last_passonly/NC_
005140/NC_005140_2D_insertions.pdf used on input line 251.
(pdftex.def)             Requested size: 149.3741pt x 99.58464pt.

</home/data/inputs/nanook/main/graphs_last_passonly/NC_005140/NC_005140_2D_dele
tions.pdf, id=104, 433.62pt x 289.08pt>
File: /home/data/inputs/nanook/main/graphs_last_passonly/NC_005140/NC_005140_2D
_deletions.pdf Graphic file (type pdf)

<use /home/data/inputs/nanook/main/graphs_last_passonly/NC_005140/NC_005140_2D_
deletions.pdf>
Package pdftex.def Info: /home/data/inputs/nanook/main/graphs_last_passonly/NC_
005140/NC_005140_2D_deletions.pdf used on input line 252.
(pdftex.def)             Requested size: 149.3741pt x 99.58464pt.

</home/data/inputs/nanook/main/graphs_last_passonly/NC_005140/NC_005140_2D_leng
th_vs_identity_hist.pdf, id=105, 433.62pt x 289.08pt>
File: /home/data/inputs/nanook/main/graphs_last_passonly/NC_005140/NC_005140_2D
_length_vs_identity_hist.pdf Graphic file (type pdf)

<use /home/data/inputs/nanook/main/graphs_last_passonly/NC_005140/NC_005140_2D_
length_vs_identity_hist.pdf>
Package pdftex.def Info: /home/data/inputs/nanook/main/graphs_last_passonly/NC_
005140/NC_005140_2D_length_vs_identity_hist.pdf used on input line 258.
(pdftex.def)             Requested size: 149.3741pt x 99.58464pt.

</home/data/inputs/nanook/main/graphs_last_passonly/NC_005140/NC_005140_2D_leng
th_vs_identity_scatter.pdf, id=106, 433.62pt x 289.08pt>
File: /home/data/inputs/nanook/main/graphs_last_passonly/NC_005140/NC_005140_2D
_length_vs_identity_scatter.pdf Graphic file (type pdf)

<use /home/data/inputs/nanook/main/graphs_last_passonly/NC_005140/NC_005140_2D_
length_vs_identity_scatter.pdf>
Package pdftex.def Info: /home/data/inputs/nanook/main/graphs_last_passonly/NC_
005140/NC_005140_2D_length_vs_identity_scatter.pdf used on input line 259.
(pdftex.def)             Requested size: 149.3741pt x 99.58464pt.

</home/data/inputs/nanook/main/graphs_last_passonly/NC_005140/NC_005140_2D_read
_fraction_vs_alignment_identity_scatter.pdf, id=107, 433.62pt x 289.08pt>
File: /home/data/inputs/nanook/main/graphs_last_passonly/NC_005140/NC_005140_2D
_read_fraction_vs_alignment_identity_scatter.pdf Graphic file (type pdf)

<use /home/data/inputs/nanook/main/graphs_last_passonly/NC_005140/NC_005140_2D_
read_fraction_vs_alignment_identity_scatter.pdf>
Package pdftex.def Info: /home/data/inputs/nanook/main/graphs_last_passonly/NC_
005140/NC_005140_2D_read_fraction_vs_alignment_identity_scatter.pdf used on inp
ut line 260.
(pdftex.def)             Requested size: 149.3741pt x 99.58464pt.

</home/data/inputs/nanook/main/graphs_last_passonly/NC_005140/NC_005140_2D_cumu
lative_perfect_kmers.pdf, id=108, 433.62pt x 289.08pt>
File: /home/data/inputs/nanook/main/graphs_last_passonly/NC_005140/NC_005140_2D
_cumulative_perfect_kmers.pdf Graphic file (type pdf)

<use /home/data/inputs/nanook/main/graphs_last_passonly/NC_005140/NC_005140_2D_
cumulative_perfect_kmers.pdf>
Package pdftex.def Info: /home/data/inputs/nanook/main/graphs_last_passonly/NC_
005140/NC_005140_2D_cumulative_perfect_kmers.pdf used on input line 269.
(pdftex.def)             Requested size: 149.3741pt x 99.58464pt.

</home/data/inputs/nanook/main/graphs_last_passonly/NC_005140/NC_005140_2D_long
est_perfect_vs_length_scatter.pdf, id=109, 433.62pt x 289.08pt>
File: /home/data/inputs/nanook/main/graphs_last_passonly/NC_005140/NC_005140_2D
_longest_perfect_vs_length_scatter.pdf Graphic file (type pdf)

<use /home/data/inputs/nanook/main/graphs_last_passonly/NC_005140/NC_005140_2D_
longest_perfect_vs_length_scatter.pdf>
Package pdftex.def Info: /home/data/inputs/nanook/main/graphs_last_passonly/NC_
005140/NC_005140_2D_longest_perfect_vs_length_scatter.pdf used on input line 27
0.
(pdftex.def)             Requested size: 149.3741pt x 99.58464pt.
 [4

 </home/data/inputs/nanook/main/graphs_last_passonly/NC_005140/NC_005140_2D_ins
ertions.pdf> </home/data/inputs/nanook/main/graphs_last_passonly/NC_005140/NC_0
05140_2D_deletions.pdf> </home/data/inputs/nanook/main/graphs_last_passonly/NC_
005140/NC_005140_2D_length_vs_identity_hist.pdf> </home/data/inputs/nanook/main
/graphs_last_passonly/NC_005140/NC_005140_2D_length_vs_identity_scatter.pdf> </
home/data/inputs/nanook/main/graphs_last_passonly/NC_005140/NC_005140_2D_read_f
raction_vs_alignment_identity_scatter.pdf>]
</home/data/inputs/nanook/main/graphs_last_passonly/NC_005140/NC_005140_2D_cove
rage.pdf, id=144, 1156.32pt x 289.08pt>
File: /home/data/inputs/nanook/main/graphs_last_passonly/NC_005140/NC_005140_2D
_coverage.pdf Graphic file (type pdf)

<use /home/data/inputs/nanook/main/graphs_last_passonly/NC_005140/NC_005140_2D_
coverage.pdf>
Package pdftex.def Info: /home/data/inputs/nanook/main/graphs_last_passonly/NC_
005140/NC_005140_2D_coverage.pdf used on input line 276.
(pdftex.def)             Requested size: 227.60759pt x 56.9055pt.

</home/data/inputs/nanook/main/graphs_last_passonly/NC_005140/NC_005140_gc.pdf,
 id=145, 1156.32pt x 289.08pt>
File: /home/data/inputs/nanook/main/graphs_last_passonly/NC_005140/NC_005140_gc
.pdf Graphic file (type pdf)

<use /home/data/inputs/nanook/main/graphs_last_passonly/NC_005140/NC_005140_gc.
pdf>
Package pdftex.def Info: /home/data/inputs/nanook/main/graphs_last_passonly/NC_
005140/NC_005140_gc.pdf used on input line 277.
(pdftex.def)             Requested size: 227.60759pt x 56.9055pt.

</home/data/inputs/nanook/main/graphs_last_passonly/NC_005140/NC_005140_2D_GC_h
ist.pdf, id=146, 433.62pt x 289.08pt>
File: /home/data/inputs/nanook/main/graphs_last_passonly/NC_005140/NC_005140_2D
_GC_hist.pdf Graphic file (type pdf)

<use /home/data/inputs/nanook/main/graphs_last_passonly/NC_005140/NC_005140_2D_
GC_hist.pdf>
Package pdftex.def Info: /home/data/inputs/nanook/main/graphs_last_passonly/NC_
005140/NC_005140_2D_GC_hist.pdf used on input line 334.
(pdftex.def)             Requested size: 149.3741pt x 99.58464pt.
 [5 </home/data/inputs/nanook/main/graphs_last_passonly/NC_005140/NC_005140_2D_
cumulative_perfect_kmers.pdf> </home/data/inputs/nanook/main/graphs_last_passon
ly/NC_005140/NC_005140_2D_longest_perfect_vs_length_scatter.pdf> </home/data/in
puts/nanook/main/graphs_last_passonly/NC_005140/NC_005140_2D_coverage.pdf> </ho
me/data/inputs/nanook/main/graphs_last_passonly/NC_005140/NC_005140_gc.pdf> </h
ome/data/inputs/nanook/main/graphs_last_passonly/NC_005140/NC_005140_2D_GC_hist
.pdf>]
</home/data/inputs/nanook/main/graphs_last_passonly/all_Template_21mers.pdf, id
=179, 433.62pt x 289.08pt>
File: /home/data/inputs/nanook/main/graphs_last_passonly/all_Template_21mers.pd
f Graphic file (type pdf)

<use /home/data/inputs/nanook/main/graphs_last_passonly/all_Template_21mers.pdf
>
Package pdftex.def Info: /home/data/inputs/nanook/main/graphs_last_passonly/all
_Template_21mers.pdf used on input line 340.
(pdftex.def)             Requested size: 162.18236pt x 108.12242pt.

</home/data/inputs/nanook/main/graphs_last_passonly/all_Complement_21mers.pdf, 
id=180, 433.62pt x 289.08pt>
File: /home/data/inputs/nanook/main/graphs_last_passonly/all_Complement_21mers.
pdf Graphic file (type pdf)

<use /home/data/inputs/nanook/main/graphs_last_passonly/all_Complement_21mers.p
df>
Package pdftex.def Info: /home/data/inputs/nanook/main/graphs_last_passonly/all
_Complement_21mers.pdf used on input line 341.
(pdftex.def)             Requested size: 162.18236pt x 108.12242pt.

</home/data/inputs/nanook/main/graphs_last_passonly/all_2D_21mers.pdf, id=181, 
433.62pt x 289.08pt>
File: /home/data/inputs/nanook/main/graphs_last_passonly/all_2D_21mers.pdf Grap
hic file (type pdf)

<use /home/data/inputs/nanook/main/graphs_last_passonly/all_2D_21mers.pdf>
Package pdftex.def Info: /home/data/inputs/nanook/main/graphs_last_passonly/all
_2D_21mers.pdf used on input line 342.
(pdftex.def)             Requested size: 162.18236pt x 108.12242pt.
LaTeX Font Info:    External font `cmex10' loaded for size
(Font)              <8> on input line 349.

</home/data/inputs/nanook/main/graphs_last_passonly/motifs/logo_insertion_Templ
ate_top_k3.png, id=182, 99.37125pt x 132.495pt>
File: /home/data/inputs/nanook/main/graphs_last_passonly/motifs/logo_insertion_
Template_top_k3.png Graphic file (type png)

<use /home/data/inputs/nanook/main/graphs_last_passonly/motifs/logo_insertion_T
emplate_top_k3.png>
Package pdftex.def Info: /home/data/inputs/nanook/main/graphs_last_passonly/mot
ifs/logo_insertion_Template_top_k3.png used on input line 386.
(pdftex.def)             Requested size: 10.66855pt x 14.22636pt.

</home/data/inputs/nanook/main/graphs_last_passonly/motifs/logo_deletion_Templa
te_top_k3.png, id=183, 99.37125pt x 132.495pt>
File: /home/data/inputs/nanook/main/graphs_last_passonly/motifs/logo_deletion_T
emplate_top_k3.png Graphic file (type png)

<use /home/data/inputs/nanook/main/graphs_last_passonly/motifs/logo_deletion_Te
mplate_top_k3.png>
Package pdftex.def Info: /home/data/inputs/nanook/main/graphs_last_passonly/mot
ifs/logo_deletion_Template_top_k3.png used on input line 386.
(pdftex.def)             Requested size: 10.66855pt x 14.22636pt.

</home/data/inputs/nanook/main/graphs_last_passonly/motifs/logo_substitution_Te
mplate_top_k3.png, id=184, 99.37125pt x 132.495pt>
File: /home/data/inputs/nanook/main/graphs_last_passonly/motifs/logo_substituti
on_Template_top_k3.png Graphic file (type png)

<use /home/data/inputs/nanook/main/graphs_last_passonly/motifs/logo_substitutio
n_Template_top_k3.png>
Package pdftex.def Info: /home/data/inputs/nanook/main/graphs_last_passonly/mot
ifs/logo_substitution_Template_top_k3.png used on input line 386.
(pdftex.def)             Requested size: 10.66855pt x 14.22636pt.

</home/data/inputs/nanook/main/graphs_last_passonly/motifs/logo_insertion_Compl
ement_top_k3.png, id=185, 99.37125pt x 132.495pt>
File: /home/data/inputs/nanook/main/graphs_last_passonly/motifs/logo_insertion_
Complement_top_k3.png Graphic file (type png)

<use /home/data/inputs/nanook/main/graphs_last_passonly/motifs/logo_insertion_C
omplement_top_k3.png>
Package pdftex.def Info: /home/data/inputs/nanook/main/graphs_last_passonly/mot
ifs/logo_insertion_Complement_top_k3.png used on input line 386.
(pdftex.def)             Requested size: 10.66855pt x 14.22636pt.

</home/data/inputs/nanook/main/graphs_last_passonly/motifs/logo_deletion_Comple
ment_top_k3.png, id=186, 99.37125pt x 132.495pt>
File: /home/data/inputs/nanook/main/graphs_last_passonly/motifs/logo_deletion_C
omplement_top_k3.png Graphic file (type png)

<use /home/data/inputs/nanook/main/graphs_last_passonly/motifs/logo_deletion_Co
mplement_top_k3.png>
Package pdftex.def Info: /home/data/inputs/nanook/main/graphs_last_passonly/mot
ifs/logo_deletion_Complement_top_k3.png used on input line 386.
(pdftex.def)             Requested size: 10.66855pt x 14.22636pt.

</home/data/inputs/nanook/main/graphs_last_passonly/motifs/logo_substitution_Co
mplement_top_k3.png, id=187, 99.37125pt x 132.495pt>
File: /home/data/inputs/nanook/main/graphs_last_passonly/motifs/logo_substituti
on_Complement_top_k3.png Graphic file (type png)

<use /home/data/inputs/nanook/main/graphs_last_passonly/motifs/logo_substitutio
n_Complement_top_k3.png>
Package pdftex.def Info: /home/data/inputs/nanook/main/graphs_last_passonly/mot
ifs/logo_substitution_Complement_top_k3.png used on input line 386.
(pdftex.def)             Requested size: 10.66855pt x 14.22636pt.

</home/data/inputs/nanook/main/graphs_last_passonly/motifs/logo_insertion_2D_to
p_k3.png, id=188, 99.37125pt x 132.495pt>
File: /home/data/inputs/nanook/main/graphs_last_passonly/motifs/logo_insertion_
2D_top_k3.png Graphic file (type png)

<use /home/data/inputs/nanook/main/graphs_last_passonly/motifs/logo_insertion_2
D_top_k3.png>
Package pdftex.def Info: /home/data/inputs/nanook/main/graphs_last_passonly/mot
ifs/logo_insertion_2D_top_k3.png used on input line 386.
(pdftex.def)             Requested size: 10.66855pt x 14.22636pt.

</home/data/inputs/nanook/main/graphs_last_passonly/motifs/logo_deletion_2D_top
_k3.png, id=189, 99.37125pt x 132.495pt>
File: /home/data/inputs/nanook/main/graphs_last_passonly/motifs/logo_deletion_2
D_top_k3.png Graphic file (type png)

<use /home/data/inputs/nanook/main/graphs_last_passonly/motifs/logo_deletion_2D
_top_k3.png>
Package pdftex.def Info: /home/data/inputs/nanook/main/graphs_last_passonly/mot
ifs/logo_deletion_2D_top_k3.png used on input line 386.
(pdftex.def)             Requested size: 10.66855pt x 14.22636pt.

</home/data/inputs/nanook/main/graphs_last_passonly/motifs/logo_substitution_2D
_top_k3.png, id=190, 99.37125pt x 132.495pt>
File: /home/data/inputs/nanook/main/graphs_last_passonly/motifs/logo_substituti
on_2D_top_k3.png Graphic file (type png)

<use /home/data/inputs/nanook/main/graphs_last_passonly/motifs/logo_substitutio
n_2D_top_k3.png>
Package pdftex.def Info: /home/data/inputs/nanook/main/graphs_last_passonly/mot
ifs/logo_substitution_2D_top_k3.png used on input line 386.
(pdftex.def)             Requested size: 10.66855pt x 14.22636pt.

</home/data/inputs/nanook/main/graphs_last_passonly/motifs/logo_insertion_Templ
ate_bottom_k3.png, id=191, 99.37125pt x 132.495pt>
File: /home/data/inputs/nanook/main/graphs_last_passonly/motifs/logo_insertion_
Template_bottom_k3.png Graphic file (type png)

<use /home/data/inputs/nanook/main/graphs_last_passonly/motifs/logo_insertion_T
emplate_bottom_k3.png>
Package pdftex.def Info: /home/data/inputs/nanook/main/graphs_last_passonly/mot
ifs/logo_insertion_Template_bottom_k3.png used on input line 400.
(pdftex.def)             Requested size: 10.66855pt x 14.22636pt.

</home/data/inputs/nanook/main/graphs_last_passonly/motifs/logo_deletion_Templa
te_bottom_k3.png, id=192, 99.37125pt x 132.495pt>
File: /home/data/inputs/nanook/main/graphs_last_passonly/motifs/logo_deletion_T
emplate_bottom_k3.png Graphic file (type png)

<use /home/data/inputs/nanook/main/graphs_last_passonly/motifs/logo_deletion_Te
mplate_bottom_k3.png>
Package pdftex.def Info: /home/data/inputs/nanook/main/graphs_last_passonly/mot
ifs/logo_deletion_Template_bottom_k3.png used on input line 400.
(pdftex.def)             Requested size: 10.66855pt x 14.22636pt.

</home/data/inputs/nanook/main/graphs_last_passonly/motifs/logo_substitution_Te
mplate_bottom_k3.png, id=193, 99.37125pt x 132.495pt>
File: /home/data/inputs/nanook/main/graphs_last_passonly/motifs/logo_substituti
on_Template_bottom_k3.png Graphic file (type png)

<use /home/data/inputs/nanook/main/graphs_last_passonly/motifs/logo_substitutio
n_Template_bottom_k3.png>
Package pdftex.def Info: /home/data/inputs/nanook/main/graphs_last_passonly/mot
ifs/logo_substitution_Template_bottom_k3.png used on input line 400.
(pdftex.def)             Requested size: 10.66855pt x 14.22636pt.

</home/data/inputs/nanook/main/graphs_last_passonly/motifs/logo_insertion_Compl
ement_bottom_k3.png, id=194, 99.37125pt x 132.495pt>
File: /home/data/inputs/nanook/main/graphs_last_passonly/motifs/logo_insertion_
Complement_bottom_k3.png Graphic file (type png)

<use /home/data/inputs/nanook/main/graphs_last_passonly/motifs/logo_insertion_C
omplement_bottom_k3.png>
Package pdftex.def Info: /home/data/inputs/nanook/main/graphs_last_passonly/mot
ifs/logo_insertion_Complement_bottom_k3.png used on input line 400.
(pdftex.def)             Requested size: 10.66855pt x 14.22636pt.

</home/data/inputs/nanook/main/graphs_last_passonly/motifs/logo_deletion_Comple
ment_bottom_k3.png, id=195, 99.37125pt x 132.495pt>
File: /home/data/inputs/nanook/main/graphs_last_passonly/motifs/logo_deletion_C
omplement_bottom_k3.png Graphic file (type png)

<use /home/data/inputs/nanook/main/graphs_last_passonly/motifs/logo_deletion_Co
mplement_bottom_k3.png>
Package pdftex.def Info: /home/data/inputs/nanook/main/graphs_last_passonly/mot
ifs/logo_deletion_Complement_bottom_k3.png used on input line 400.
(pdftex.def)             Requested size: 10.66855pt x 14.22636pt.

</home/data/inputs/nanook/main/graphs_last_passonly/motifs/logo_substitution_Co
mplement_bottom_k3.png, id=196, 99.37125pt x 132.495pt>
File: /home/data/inputs/nanook/main/graphs_last_passonly/motifs/logo_substituti
on_Complement_bottom_k3.png Graphic file (type png)

<use /home/data/inputs/nanook/main/graphs_last_passonly/motifs/logo_substitutio
n_Complement_bottom_k3.png>
Package pdftex.def Info: /home/data/inputs/nanook/main/graphs_last_passonly/mot
ifs/logo_substitution_Complement_bottom_k3.png used on input line 400.
(pdftex.def)             Requested size: 10.66855pt x 14.22636pt.

</home/data/inputs/nanook/main/graphs_last_passonly/motifs/logo_insertion_2D_bo
ttom_k3.png, id=197, 99.37125pt x 132.495pt>
File: /home/data/inputs/nanook/main/graphs_last_passonly/motifs/logo_insertion_
2D_bottom_k3.png Graphic file (type png)

<use /home/data/inputs/nanook/main/graphs_last_passonly/motifs/logo_insertion_2
D_bottom_k3.png>
Package pdftex.def Info: /home/data/inputs/nanook/main/graphs_last_passonly/mot
ifs/logo_insertion_2D_bottom_k3.png used on input line 400.
(pdftex.def)             Requested size: 10.66855pt x 14.22636pt.

</home/data/inputs/nanook/main/graphs_last_passonly/motifs/logo_deletion_2D_bot
tom_k3.png, id=198, 99.37125pt x 132.495pt>
File: /home/data/inputs/nanook/main/graphs_last_passonly/motifs/logo_deletion_2
D_bottom_k3.png Graphic file (type png)

<use /home/data/inputs/nanook/main/graphs_last_passonly/motifs/logo_deletion_2D
_bottom_k3.png>
Package pdftex.def Info: /home/data/inputs/nanook/main/graphs_last_passonly/mot
ifs/logo_deletion_2D_bottom_k3.png used on input line 400.
(pdftex.def)             Requested size: 10.66855pt x 14.22636pt.

</home/data/inputs/nanook/main/graphs_last_passonly/motifs/logo_substitution_2D
_bottom_k3.png, id=199, 99.37125pt x 132.495pt>
File: /home/data/inputs/nanook/main/graphs_last_passonly/motifs/logo_substituti
on_2D_bottom_k3.png Graphic file (type png)

<use /home/data/inputs/nanook/main/graphs_last_passonly/motifs/logo_substitutio
n_2D_bottom_k3.png>
Package pdftex.def Info: /home/data/inputs/nanook/main/graphs_last_passonly/mot
ifs/logo_substitution_2D_bottom_k3.png used on input line 400.
(pdftex.def)             Requested size: 10.66855pt x 14.22636pt.

</home/data/inputs/nanook/main/graphs_last_passonly/motifs/logo_insertion_Templ
ate_top_k4.png, id=200, 132.495pt x 132.495pt>
File: /home/data/inputs/nanook/main/graphs_last_passonly/motifs/logo_insertion_
Template_top_k4.png Graphic file (type png)

<use /home/data/inputs/nanook/main/graphs_last_passonly/motifs/logo_insertion_T
emplate_top_k4.png>
Package pdftex.def Info: /home/data/inputs/nanook/main/graphs_last_passonly/mot
ifs/logo_insertion_Template_top_k4.png used on input line 431.
(pdftex.def)             Requested size: 14.22473pt x 14.22636pt.

</home/data/inputs/nanook/main/graphs_last_passonly/motifs/logo_deletion_Templa
te_top_k4.png, id=201, 132.495pt x 132.495pt>
File: /home/data/inputs/nanook/main/graphs_last_passonly/motifs/logo_deletion_T
emplate_top_k4.png Graphic file (type png)

<use /home/data/inputs/nanook/main/graphs_last_passonly/motifs/logo_deletion_Te
mplate_top_k4.png>
Package pdftex.def Info: /home/data/inputs/nanook/main/graphs_last_passonly/mot
ifs/logo_deletion_Template_top_k4.png used on input line 431.
(pdftex.def)             Requested size: 14.22473pt x 14.22636pt.

</home/data/inputs/nanook/main/graphs_last_passonly/motifs/logo_substitution_Te
mplate_top_k4.png, id=202, 132.495pt x 132.495pt>
File: /home/data/inputs/nanook/main/graphs_last_passonly/motifs/logo_substituti
on_Template_top_k4.png Graphic file (type png)

<use /home/data/inputs/nanook/main/graphs_last_passonly/motifs/logo_substitutio
n_Template_top_k4.png>
Package pdftex.def Info: /home/data/inputs/nanook/main/graphs_last_passonly/mot
ifs/logo_substitution_Template_top_k4.png used on input line 431.
(pdftex.def)             Requested size: 14.22473pt x 14.22636pt.

</home/data/inputs/nanook/main/graphs_last_passonly/motifs/logo_insertion_Compl
ement_top_k4.png, id=203, 132.495pt x 132.495pt>
File: /home/data/inputs/nanook/main/graphs_last_passonly/motifs/logo_insertion_
Complement_top_k4.png Graphic file (type png)

<use /home/data/inputs/nanook/main/graphs_last_passonly/motifs/logo_insertion_C
omplement_top_k4.png>
Package pdftex.def Info: /home/data/inputs/nanook/main/graphs_last_passonly/mot
ifs/logo_insertion_Complement_top_k4.png used on input line 431.
(pdftex.def)             Requested size: 14.22473pt x 14.22636pt.

</home/data/inputs/nanook/main/graphs_last_passonly/motifs/logo_deletion_Comple
ment_top_k4.png, id=204, 132.495pt x 132.495pt>
File: /home/data/inputs/nanook/main/graphs_last_passonly/motifs/logo_deletion_C
omplement_top_k4.png Graphic file (type png)

<use /home/data/inputs/nanook/main/graphs_last_passonly/motifs/logo_deletion_Co
mplement_top_k4.png>
Package pdftex.def Info: /home/data/inputs/nanook/main/graphs_last_passonly/mot
ifs/logo_deletion_Complement_top_k4.png used on input line 431.
(pdftex.def)             Requested size: 14.22473pt x 14.22636pt.

</home/data/inputs/nanook/main/graphs_last_passonly/motifs/logo_substitution_Co
mplement_top_k4.png, id=205, 132.495pt x 132.495pt>
File: /home/data/inputs/nanook/main/graphs_last_passonly/motifs/logo_substituti
on_Complement_top_k4.png Graphic file (type png)

<use /home/data/inputs/nanook/main/graphs_last_passonly/motifs/logo_substitutio
n_Complement_top_k4.png>
Package pdftex.def Info: /home/data/inputs/nanook/main/graphs_last_passonly/mot
ifs/logo_substitution_Complement_top_k4.png used on input line 431.
(pdftex.def)             Requested size: 14.22473pt x 14.22636pt.

</home/data/inputs/nanook/main/graphs_last_passonly/motifs/logo_insertion_2D_to
p_k4.png, id=206, 132.495pt x 132.495pt>
File: /home/data/inputs/nanook/main/graphs_last_passonly/motifs/logo_insertion_
2D_top_k4.png Graphic file (type png)

<use /home/data/inputs/nanook/main/graphs_last_passonly/motifs/logo_insertion_2
D_top_k4.png>
Package pdftex.def Info: /home/data/inputs/nanook/main/graphs_last_passonly/mot
ifs/logo_insertion_2D_top_k4.png used on input line 431.
(pdftex.def)             Requested size: 14.22473pt x 14.22636pt.

</home/data/inputs/nanook/main/graphs_last_passonly/motifs/logo_deletion_2D_top
_k4.png, id=207, 132.495pt x 132.495pt>
File: /home/data/inputs/nanook/main/graphs_last_passonly/motifs/logo_deletion_2
D_top_k4.png Graphic file (type png)

<use /home/data/inputs/nanook/main/graphs_last_passonly/motifs/logo_deletion_2D
_top_k4.png>
Package pdftex.def Info: /home/data/inputs/nanook/main/graphs_last_passonly/mot
ifs/logo_deletion_2D_top_k4.png used on input line 431.
(pdftex.def)             Requested size: 14.22473pt x 14.22636pt.

</home/data/inputs/nanook/main/graphs_last_passonly/motifs/logo_substitution_2D
_top_k4.png, id=208, 132.495pt x 132.495pt>
File: /home/data/inputs/nanook/main/graphs_last_passonly/motifs/logo_substituti
on_2D_top_k4.png Graphic file (type png)

<use /home/data/inputs/nanook/main/graphs_last_passonly/motifs/logo_substitutio
n_2D_top_k4.png>
Package pdftex.def Info: /home/data/inputs/nanook/main/graphs_last_passonly/mot
ifs/logo_substitution_2D_top_k4.png used on input line 431.
(pdftex.def)             Requested size: 14.22473pt x 14.22636pt.

</home/data/inputs/nanook/main/graphs_last_passonly/motifs/logo_insertion_Templ
ate_bottom_k4.png, id=209, 132.495pt x 132.495pt>
File: /home/data/inputs/nanook/main/graphs_last_passonly/motifs/logo_insertion_
Template_bottom_k4.png Graphic file (type png)

<use /home/data/inputs/nanook/main/graphs_last_passonly/motifs/logo_insertion_T
emplate_bottom_k4.png>
Package pdftex.def Info: /home/data/inputs/nanook/main/graphs_last_passonly/mot
ifs/logo_insertion_Template_bottom_k4.png used on input line 445.
(pdftex.def)             Requested size: 14.22473pt x 14.22636pt.

</home/data/inputs/nanook/main/graphs_last_passonly/motifs/logo_deletion_Templa
te_bottom_k4.png, id=210, 132.495pt x 132.495pt>
File: /home/data/inputs/nanook/main/graphs_last_passonly/motifs/logo_deletion_T
emplate_bottom_k4.png Graphic file (type png)

<use /home/data/inputs/nanook/main/graphs_last_passonly/motifs/logo_deletion_Te
mplate_bottom_k4.png>
Package pdftex.def Info: /home/data/inputs/nanook/main/graphs_last_passonly/mot
ifs/logo_deletion_Template_bottom_k4.png used on input line 445.
(pdftex.def)             Requested size: 14.22473pt x 14.22636pt.

</home/data/inputs/nanook/main/graphs_last_passonly/motifs/logo_substitution_Te
mplate_bottom_k4.png, id=211, 132.495pt x 132.495pt>
File: /home/data/inputs/nanook/main/graphs_last_passonly/motifs/logo_substituti
on_Template_bottom_k4.png Graphic file (type png)

<use /home/data/inputs/nanook/main/graphs_last_passonly/motifs/logo_substitutio
n_Template_bottom_k4.png>
Package pdftex.def Info: /home/data/inputs/nanook/main/graphs_last_passonly/mot
ifs/logo_substitution_Template_bottom_k4.png used on input line 445.
(pdftex.def)             Requested size: 14.22473pt x 14.22636pt.

</home/data/inputs/nanook/main/graphs_last_passonly/motifs/logo_insertion_Compl
ement_bottom_k4.png, id=212, 132.495pt x 132.495pt>
File: /home/data/inputs/nanook/main/graphs_last_passonly/motifs/logo_insertion_
Complement_bottom_k4.png Graphic file (type png)

<use /home/data/inputs/nanook/main/graphs_last_passonly/motifs/logo_insertion_C
omplement_bottom_k4.png>
Package pdftex.def Info: /home/data/inputs/nanook/main/graphs_last_passonly/mot
ifs/logo_insertion_Complement_bottom_k4.png used on input line 445.
(pdftex.def)             Requested size: 14.22473pt x 14.22636pt.

</home/data/inputs/nanook/main/graphs_last_passonly/motifs/logo_deletion_Comple
ment_bottom_k4.png, id=213, 132.495pt x 132.495pt>
File: /home/data/inputs/nanook/main/graphs_last_passonly/motifs/logo_deletion_C
omplement_bottom_k4.png Graphic file (type png)

<use /home/data/inputs/nanook/main/graphs_last_passonly/motifs/logo_deletion_Co
mplement_bottom_k4.png>
Package pdftex.def Info: /home/data/inputs/nanook/main/graphs_last_passonly/mot
ifs/logo_deletion_Complement_bottom_k4.png used on input line 445.
(pdftex.def)             Requested size: 14.22473pt x 14.22636pt.

</home/data/inputs/nanook/main/graphs_last_passonly/motifs/logo_substitution_Co
mplement_bottom_k4.png, id=214, 132.495pt x 132.495pt>
File: /home/data/inputs/nanook/main/graphs_last_passonly/motifs/logo_substituti
on_Complement_bottom_k4.png Graphic file (type png)

<use /home/data/inputs/nanook/main/graphs_last_passonly/motifs/logo_substitutio
n_Complement_bottom_k4.png>
Package pdftex.def Info: /home/data/inputs/nanook/main/graphs_last_passonly/mot
ifs/logo_substitution_Complement_bottom_k4.png used on input line 445.
(pdftex.def)             Requested size: 14.22473pt x 14.22636pt.

</home/data/inputs/nanook/main/graphs_last_passonly/motifs/logo_insertion_2D_bo
ttom_k4.png, id=215, 132.495pt x 132.495pt>
File: /home/data/inputs/nanook/main/graphs_last_passonly/motifs/logo_insertion_
2D_bottom_k4.png Graphic file (type png)

<use /home/data/inputs/nanook/main/graphs_last_passonly/motifs/logo_insertion_2
D_bottom_k4.png>
Package pdftex.def Info: /home/data/inputs/nanook/main/graphs_last_passonly/mot
ifs/logo_insertion_2D_bottom_k4.png used on input line 445.
(pdftex.def)             Requested size: 14.22473pt x 14.22636pt.

</home/data/inputs/nanook/main/graphs_last_passonly/motifs/logo_deletion_2D_bot
tom_k4.png, id=216, 132.495pt x 132.495pt>
File: /home/data/inputs/nanook/main/graphs_last_passonly/motifs/logo_deletion_2
D_bottom_k4.png Graphic file (type png)

<use /home/data/inputs/nanook/main/graphs_last_passonly/motifs/logo_deletion_2D
_bottom_k4.png>
Package pdftex.def Info: /home/data/inputs/nanook/main/graphs_last_passonly/mot
ifs/logo_deletion_2D_bottom_k4.png used on input line 445.
(pdftex.def)             Requested size: 14.22473pt x 14.22636pt.

</home/data/inputs/nanook/main/graphs_last_passonly/motifs/logo_substitution_2D
_bottom_k4.png, id=217, 132.495pt x 132.495pt>
File: /home/data/inputs/nanook/main/graphs_last_passonly/motifs/logo_substituti
on_2D_bottom_k4.png Graphic file (type png)

<use /home/data/inputs/nanook/main/graphs_last_passonly/motifs/logo_substitutio
n_2D_bottom_k4.png>
Package pdftex.def Info: /home/data/inputs/nanook/main/graphs_last_passonly/mot
ifs/logo_substitution_2D_bottom_k4.png used on input line 445.
(pdftex.def)             Requested size: 14.22473pt x 14.22636pt.
 [6

 </home/data/inputs/nanook/main/graphs_last_passonly/all_Template_21mers.pdf> <
/home/data/inputs/nanook/main/graphs_last_passonly/all_Complement_21mers.pdf> <
/home/data/inputs/nanook/main/graphs_last_passonly/all_2D_21mers.pdf> </home/da
ta/inputs/nanook/main/graphs_last_passonly/motifs/logo_insertion_Template_top_k
3.png (PNG copy)> </home/data/inputs/nanook/main/graphs_last_passonly/motifs/lo
go_deletion_Template_top_k3.png (PNG copy)> </home/data/inputs/nanook/main/grap
hs_last_passonly/motifs/logo_substitution_Template_top_k3.png (PNG copy)> </hom
e/data/inputs/nanook/main/graphs_last_passonly/motifs/logo_insertion_Complement
_top_k3.png (PNG copy)> </home/data/inputs/nanook/main/graphs_last_passonly/mot
ifs/logo_deletion_Complement_top_k3.png (PNG copy)> </home/data/inputs/nanook/m
ain/graphs_last_passonly/motifs/logo_substitution_Complement_top_k3.png (PNG co
py)> </home/data/inputs/nanook/main/graphs_last_passonly/motifs/logo_insertion_
2D_top_k3.png (PNG copy)> </home/data/inputs/nanook/main/graphs_last_passonly/m
otifs/logo_deletion_2D_top_k3.png (PNG copy)> </home/data/inputs/nanook/main/gr
aphs_last_passonly/motifs/logo_substitution_2D_top_k3.png (PNG copy)> </home/da
ta/inputs/nanook/main/graphs_last_passonly/motifs/logo_insertion_Template_botto
m_k3.png (PNG copy)> </home/data/inputs/nanook/main/graphs_last_passonly/motifs
/logo_deletion_Template_bottom_k3.png (PNG copy)> </home/data/inputs/nanook/mai
n/graphs_last_passonly/motifs/logo_substitution_Template_bottom_k3.png (PNG cop
y)> </home/data/inputs/nanook/main/graphs_last_passonly/motifs/logo_insertion_C
omplement_bottom_k3.png (PNG copy)> </home/data/inputs/nanook/main/graphs_last_
passonly/motifs/logo_deletion_Complement_bottom_k3.png (PNG copy)> </home/data/
inputs/nanook/main/graphs_last_passonly/motifs/logo_substitution_Complement_bot
tom_k3.png (PNG copy)> </home/data/inputs/nanook/main/graphs_last_passonly/moti
fs/logo_insertion_2D_bottom_k3.png (PNG copy)> </home/data/inputs/nanook/main/g
raphs_last_passonly/motifs/logo_deletion_2D_bottom_k3.png (PNG copy)> </home/da
ta/inputs/nanook/main/graphs_last_passonly/motifs/logo_substitution_2D_bottom_k
3.png (PNG copy)>]
</home/data/inputs/nanook/main/graphs_last_passonly/motifs/logo_insertion_Templ
ate_top_k5.png, id=245, 165.61874pt x 132.495pt>
File: /home/data/inputs/nanook/main/graphs_last_passonly/motifs/logo_insertion_
Template_top_k5.png Graphic file (type png)

<use /home/data/inputs/nanook/main/graphs_last_passonly/motifs/logo_insertion_T
emplate_top_k5.png>
Package pdftex.def Info: /home/data/inputs/nanook/main/graphs_last_passonly/mot
ifs/logo_insertion_Template_top_k5.png used on input line 476.
(pdftex.def)             Requested size: 17.78091pt x 14.22636pt.

</home/data/inputs/nanook/main/graphs_last_passonly/motifs/logo_deletion_Templa
te_top_k5.png, id=246, 165.61874pt x 132.495pt>
File: /home/data/inputs/nanook/main/graphs_last_passonly/motifs/logo_deletion_T
emplate_top_k5.png Graphic file (type png)

<use /home/data/inputs/nanook/main/graphs_last_passonly/motifs/logo_deletion_Te
mplate_top_k5.png>
Package pdftex.def Info: /home/data/inputs/nanook/main/graphs_last_passonly/mot
ifs/logo_deletion_Template_top_k5.png used on input line 476.
(pdftex.def)             Requested size: 17.78091pt x 14.22636pt.

</home/data/inputs/nanook/main/graphs_last_passonly/motifs/logo_substitution_Te
mplate_top_k5.png, id=247, 165.61874pt x 132.495pt>
File: /home/data/inputs/nanook/main/graphs_last_passonly/motifs/logo_substituti
on_Template_top_k5.png Graphic file (type png)

<use /home/data/inputs/nanook/main/graphs_last_passonly/motifs/logo_substitutio
n_Template_top_k5.png>
Package pdftex.def Info: /home/data/inputs/nanook/main/graphs_last_passonly/mot
ifs/logo_substitution_Template_top_k5.png used on input line 476.
(pdftex.def)             Requested size: 17.78091pt x 14.22636pt.

</home/data/inputs/nanook/main/graphs_last_passonly/motifs/logo_insertion_Compl
ement_top_k5.png, id=248, 165.61874pt x 132.495pt>
File: /home/data/inputs/nanook/main/graphs_last_passonly/motifs/logo_insertion_
Complement_top_k5.png Graphic file (type png)

<use /home/data/inputs/nanook/main/graphs_last_passonly/motifs/logo_insertion_C
omplement_top_k5.png>
Package pdftex.def Info: /home/data/inputs/nanook/main/graphs_last_passonly/mot
ifs/logo_insertion_Complement_top_k5.png used on input line 476.
(pdftex.def)             Requested size: 17.78091pt x 14.22636pt.

</home/data/inputs/nanook/main/graphs_last_passonly/motifs/logo_deletion_Comple
ment_top_k5.png, id=249, 165.61874pt x 132.495pt>
File: /home/data/inputs/nanook/main/graphs_last_passonly/motifs/logo_deletion_C
omplement_top_k5.png Graphic file (type png)

<use /home/data/inputs/nanook/main/graphs_last_passonly/motifs/logo_deletion_Co
mplement_top_k5.png>
Package pdftex.def Info: /home/data/inputs/nanook/main/graphs_last_passonly/mot
ifs/logo_deletion_Complement_top_k5.png used on input line 476.
(pdftex.def)             Requested size: 17.78091pt x 14.22636pt.

</home/data/inputs/nanook/main/graphs_last_passonly/motifs/logo_substitution_Co
mplement_top_k5.png, id=250, 165.61874pt x 132.495pt>
File: /home/data/inputs/nanook/main/graphs_last_passonly/motifs/logo_substituti
on_Complement_top_k5.png Graphic file (type png)

<use /home/data/inputs/nanook/main/graphs_last_passonly/motifs/logo_substitutio
n_Complement_top_k5.png>
Package pdftex.def Info: /home/data/inputs/nanook/main/graphs_last_passonly/mot
ifs/logo_substitution_Complement_top_k5.png used on input line 476.
(pdftex.def)             Requested size: 17.78091pt x 14.22636pt.

</home/data/inputs/nanook/main/graphs_last_passonly/motifs/logo_insertion_2D_to
p_k5.png, id=251, 165.61874pt x 132.495pt>
File: /home/data/inputs/nanook/main/graphs_last_passonly/motifs/logo_insertion_
2D_top_k5.png Graphic file (type png)

<use /home/data/inputs/nanook/main/graphs_last_passonly/motifs/logo_insertion_2
D_top_k5.png>
Package pdftex.def Info: /home/data/inputs/nanook/main/graphs_last_passonly/mot
ifs/logo_insertion_2D_top_k5.png used on input line 476.
(pdftex.def)             Requested size: 17.78091pt x 14.22636pt.

</home/data/inputs/nanook/main/graphs_last_passonly/motifs/logo_deletion_2D_top
_k5.png, id=252, 165.61874pt x 132.495pt>
File: /home/data/inputs/nanook/main/graphs_last_passonly/motifs/logo_deletion_2
D_top_k5.png Graphic file (type png)

<use /home/data/inputs/nanook/main/graphs_last_passonly/motifs/logo_deletion_2D
_top_k5.png>
Package pdftex.def Info: /home/data/inputs/nanook/main/graphs_last_passonly/mot
ifs/logo_deletion_2D_top_k5.png used on input line 476.
(pdftex.def)             Requested size: 17.78091pt x 14.22636pt.

</home/data/inputs/nanook/main/graphs_last_passonly/motifs/logo_substitution_2D
_top_k5.png, id=253, 165.61874pt x 132.495pt>
File: /home/data/inputs/nanook/main/graphs_last_passonly/motifs/logo_substituti
on_2D_top_k5.png Graphic file (type png)

<use /home/data/inputs/nanook/main/graphs_last_passonly/motifs/logo_substitutio
n_2D_top_k5.png>
Package pdftex.def Info: /home/data/inputs/nanook/main/graphs_last_passonly/mot
ifs/logo_substitution_2D_top_k5.png used on input line 476.
(pdftex.def)             Requested size: 17.78091pt x 14.22636pt.

</home/data/inputs/nanook/main/graphs_last_passonly/motifs/logo_insertion_Templ
ate_bottom_k5.png, id=254, 165.61874pt x 132.495pt>
File: /home/data/inputs/nanook/main/graphs_last_passonly/motifs/logo_insertion_
Template_bottom_k5.png Graphic file (type png)

<use /home/data/inputs/nanook/main/graphs_last_passonly/motifs/logo_insertion_T
emplate_bottom_k5.png>
Package pdftex.def Info: /home/data/inputs/nanook/main/graphs_last_passonly/mot
ifs/logo_insertion_Template_bottom_k5.png used on input line 490.
(pdftex.def)             Requested size: 17.78091pt x 14.22636pt.

</home/data/inputs/nanook/main/graphs_last_passonly/motifs/logo_deletion_Templa
te_bottom_k5.png, id=255, 165.61874pt x 132.495pt>
File: /home/data/inputs/nanook/main/graphs_last_passonly/motifs/logo_deletion_T
emplate_bottom_k5.png Graphic file (type png)

<use /home/data/inputs/nanook/main/graphs_last_passonly/motifs/logo_deletion_Te
mplate_bottom_k5.png>
Package pdftex.def Info: /home/data/inputs/nanook/main/graphs_last_passonly/mot
ifs/logo_deletion_Template_bottom_k5.png used on input line 490.
(pdftex.def)             Requested size: 17.78091pt x 14.22636pt.

</home/data/inputs/nanook/main/graphs_last_passonly/motifs/logo_substitution_Te
mplate_bottom_k5.png, id=256, 165.61874pt x 132.495pt>
File: /home/data/inputs/nanook/main/graphs_last_passonly/motifs/logo_substituti
on_Template_bottom_k5.png Graphic file (type png)

<use /home/data/inputs/nanook/main/graphs_last_passonly/motifs/logo_substitutio
n_Template_bottom_k5.png>
Package pdftex.def Info: /home/data/inputs/nanook/main/graphs_last_passonly/mot
ifs/logo_substitution_Template_bottom_k5.png used on input line 490.
(pdftex.def)             Requested size: 17.78091pt x 14.22636pt.

</home/data/inputs/nanook/main/graphs_last_passonly/motifs/logo_insertion_Compl
ement_bottom_k5.png, id=257, 165.61874pt x 132.495pt>
File: /home/data/inputs/nanook/main/graphs_last_passonly/motifs/logo_insertion_
Complement_bottom_k5.png Graphic file (type png)

<use /home/data/inputs/nanook/main/graphs_last_passonly/motifs/logo_insertion_C
omplement_bottom_k5.png>
Package pdftex.def Info: /home/data/inputs/nanook/main/graphs_last_passonly/mot
ifs/logo_insertion_Complement_bottom_k5.png used on input line 490.
(pdftex.def)             Requested size: 17.78091pt x 14.22636pt.

</home/data/inputs/nanook/main/graphs_last_passonly/motifs/logo_deletion_Comple
ment_bottom_k5.png, id=258, 165.61874pt x 132.495pt>
File: /home/data/inputs/nanook/main/graphs_last_passonly/motifs/logo_deletion_C
omplement_bottom_k5.png Graphic file (type png)

<use /home/data/inputs/nanook/main/graphs_last_passonly/motifs/logo_deletion_Co
mplement_bottom_k5.png>
Package pdftex.def Info: /home/data/inputs/nanook/main/graphs_last_passonly/mot
ifs/logo_deletion_Complement_bottom_k5.png used on input line 490.
(pdftex.def)             Requested size: 17.78091pt x 14.22636pt.

</home/data/inputs/nanook/main/graphs_last_passonly/motifs/logo_substitution_Co
mplement_bottom_k5.png, id=259, 165.61874pt x 132.495pt>
File: /home/data/inputs/nanook/main/graphs_last_passonly/motifs/logo_substituti
on_Complement_bottom_k5.png Graphic file (type png)

<use /home/data/inputs/nanook/main/graphs_last_passonly/motifs/logo_substitutio
n_Complement_bottom_k5.png>
Package pdftex.def Info: /home/data/inputs/nanook/main/graphs_last_passonly/mot
ifs/logo_substitution_Complement_bottom_k5.png used on input line 490.
(pdftex.def)             Requested size: 17.78091pt x 14.22636pt.

</home/data/inputs/nanook/main/graphs_last_passonly/motifs/logo_insertion_2D_bo
ttom_k5.png, id=260, 165.61874pt x 132.495pt>
File: /home/data/inputs/nanook/main/graphs_last_passonly/motifs/logo_insertion_
2D_bottom_k5.png Graphic file (type png)

<use /home/data/inputs/nanook/main/graphs_last_passonly/motifs/logo_insertion_2
D_bottom_k5.png>
Package pdftex.def Info: /home/data/inputs/nanook/main/graphs_last_passonly/mot
ifs/logo_insertion_2D_bottom_k5.png used on input line 490.
(pdftex.def)             Requested size: 17.78091pt x 14.22636pt.

</home/data/inputs/nanook/main/graphs_last_passonly/motifs/logo_deletion_2D_bot
tom_k5.png, id=261, 165.61874pt x 132.495pt>
File: /home/data/inputs/nanook/main/graphs_last_passonly/motifs/logo_deletion_2
D_bottom_k5.png Graphic file (type png)

<use /home/data/inputs/nanook/main/graphs_last_passonly/motifs/logo_deletion_2D
_bottom_k5.png>
Package pdftex.def Info: /home/data/inputs/nanook/main/graphs_last_passonly/mot
ifs/logo_deletion_2D_bottom_k5.png used on input line 490.
(pdftex.def)             Requested size: 17.78091pt x 14.22636pt.

</home/data/inputs/nanook/main/graphs_last_passonly/motifs/logo_substitution_2D
_bottom_k5.png, id=262, 165.61874pt x 132.495pt>
File: /home/data/inputs/nanook/main/graphs_last_passonly/motifs/logo_substituti
on_2D_bottom_k5.png Graphic file (type png)

<use /home/data/inputs/nanook/main/graphs_last_passonly/motifs/logo_substitutio
n_2D_bottom_k5.png>
Package pdftex.def Info: /home/data/inputs/nanook/main/graphs_last_passonly/mot
ifs/logo_substitution_2D_bottom_k5.png used on input line 490.
(pdftex.def)             Requested size: 17.78091pt x 14.22636pt.
 [7 </home/data/inputs/nanook/main/graphs_last_passonly/motifs/logo_insertion_T
emplate_top_k4.png (PNG copy)> </home/data/inputs/nanook/main/graphs_last_passo
nly/motifs/logo_deletion_Template_top_k4.png (PNG copy)> </home/data/inputs/nan
ook/main/graphs_last_passonly/motifs/logo_substitution_Template_top_k4.png (PNG
 copy)> </home/data/inputs/nanook/main/graphs_last_passonly/motifs/logo_inserti
on_Complement_top_k4.png (PNG copy)> </home/data/inputs/nanook/main/graphs_last
_passonly/motifs/logo_deletion_Complement_top_k4.png (PNG copy)> </home/data/in
puts/nanook/main/graphs_last_passonly/motifs/logo_substitution_Complement_top_k
4.png (PNG copy)> </home/data/inputs/nanook/main/graphs_last_passonly/motifs/lo
go_insertion_2D_top_k4.png (PNG copy)> </home/data/inputs/nanook/main/graphs_la
st_passonly/motifs/logo_deletion_2D_top_k4.png (PNG copy)> </home/data/inputs/n
anook/main/graphs_last_passonly/motifs/logo_substitution_2D_top_k4.png (PNG cop
y)> </home/data/inputs/nanook/main/graphs_last_passonly/motifs/logo_insertion_T
emplate_bottom_k4.png (PNG copy)> </home/data/inputs/nanook/main/graphs_last_pa
ssonly/motifs/logo_deletion_Template_bottom_k4.png (PNG copy)> </home/data/inpu
ts/nanook/main/graphs_last_passonly/motifs/logo_substitution_Template_bottom_k4
.png (PNG copy)> </home/data/inputs/nanook/main/graphs_last_passonly/motifs/log
o_insertion_Complement_bottom_k4.png (PNG copy)> </home/data/inputs/nanook/main
/graphs_last_passonly/motifs/logo_deletion_Complement_bottom_k4.png (PNG copy)>
 </home/data/inputs/nanook/main/graphs_last_passonly/motifs/logo_substitution_C
omplement_bottom_k4.png (PNG copy)> </home/data/inputs/nanook/main/graphs_last_
passonly/motifs/logo_insertion_2D_bottom_k4.png (PNG copy)> </home/data/inputs/
nanook/main/graphs_last_passonly/motifs/logo_deletion_2D_bottom_k4.png (PNG cop
y)> </home/data/inputs/nanook/main/graphs_last_passonly/motifs/logo_substitutio
n_2D_bottom_k4.png (PNG copy)> </home/data/inputs/nanook/main/graphs_last_passo
nly/motifs/logo_insertion_Template_top_k5.png (PNG copy)> </home/data/inputs/na
nook/main/graphs_last_passonly/motifs/logo_deletion_Template_top_k5.png (PNG co
py)> </home/data/inputs/nanook/main/graphs_last_passonly/motifs/logo_substituti
on_Template_top_k5.png (PNG copy)> </home/data/inputs/nanook/main/graphs_last_p
assonly/motifs/logo_insertion_Complement_top_k5.png (PNG copy)> </home/data/inp
uts/nanook/main/graphs_last_passonly/motifs/logo_deletion_Complement_top_k5.png
 (PNG copy)> </home/data/inputs/nanook/main/graphs_last_passonly/motifs/logo_su
bstitution_Complement_top_k5.png (PNG copy)> </home/data/inputs/nanook/main/gra
phs_last_passonly/motifs/logo_insertion_2D_top_k5.png (PNG copy)> </home/data/i
nputs/nanook/main/graphs_last_passonly/motifs/logo_deletion_2D_top_k5.png (PNG 
copy)> </home/data/inputs/nanook/main/graphs_last_passonly/motifs/logo_substitu
tion_2D_top_k5.png (PNG copy)> </home/data/inputs/nanook/main/graphs_last_passo
nly/motifs/logo_insertion_Template_bottom_k5.png (PNG copy)> </home/data/inputs
/nanook/main/graphs_last_passonly/motifs/logo_deletion_Template_bottom_k5.png (
PNG copy)> </home/data/inputs/nanook/main/graphs_last_passonly/motifs/logo_subs
titution_Template_bottom_k5.png (PNG copy)> </home/data/inputs/nanook/main/grap
hs_last_passonly/motifs/logo_insertion_Complement_bottom_k5.png (PNG copy)> </h
ome/data/inputs/nanook/main/graphs_last_passonly/motifs/logo_deletion_Complemen
t_bottom_k5.png (PNG copy)> </home/data/inputs/nanook/main/graphs_last_passonly
/motifs/logo_substitution_Complement_bottom_k5.png (PNG copy)> </home/data/inpu
ts/nanook/main/graphs_last_passonly/motifs/logo_insertion_2D_bottom_k5.png (PNG
 copy)> </home/data/inputs/nanook/main/graphs_last_passonly/motifs/logo_deletio
n_2D_bottom_k5.png (PNG copy)> </home/data/inputs/nanook/main/graphs_last_passo
nly/motifs/logo_substitution_2D_bottom_k5.png (PNG copy)>]
(/home/data/inputs/nanook/main/latex_last_passonly/main.aux) ) 
Here is how much of TeX's memory you used:
 2945 strings out of 494953
 70024 string characters out of 6180977
 130792 words of memory out of 5000000
 6116 multiletter control sequences out of 15000+600000
 9682 words of font info for 34 fonts, out of 8000000 for 9000
 14 hyphenation exceptions out of 8191
 38i,12n,29p,1337b,354s stack positions out of 5000i,500n,10000p,200000b,80000s
</usr/share/texli
ve/texmf-dist/fonts/type1/public/amsfonts/cm/cmss10.pfb></usr/share/texlive/tex
mf-dist/fonts/type1/public/amsfonts/cm/cmss8.pfb></usr/share/texlive/texmf-dist
/fonts/type1/public/amsfonts/cm/cmss9.pfb></usr/share/texlive/texmf-dist/fonts/
type1/public/amsfonts/cm/cmssbx10.pfb>
Output written on /home/data/inputs/nanook/main/latex_last_passonly/main.pdf (7
 pages, 241709 bytes).
PDF statistics:
 282 PDF objects out of 1000 (max. 8388607)
 161 compressed objects within 2 object streams
 0 named destinations out of 1000 (max. 500000)
 401 words of extra memory for PDF output out of 10000 (max. 10000000)

